<?xml version="1.0" encoding="UTF-8"?>
<testsuite name="com.example.springExample.web.IndexControllerTest" tests="1" skipped="0" failures="0" errors="0" timestamp="2021-03-03T13:43:45" hostname="hjoon-Legion-Y540-15IRH" time="0.114">
  <properties/>
  <testcase name="메인페이지_로딩" classname="com.example.springExample.web.IndexControllerTest" time="0.114"/>
  <system-out><![CDATA[2021-03-03 22:43:45.715  INFO 18946 --- [    Test worker] .b.t.c.SpringBootTestContextBootstrapper : Neither @ContextConfiguration nor @ContextHierarchy found for test class [com.example.springExample.web.IndexControllerTest], using SpringBootContextLoader
2021-03-03 22:43:45.715  INFO 18946 --- [    Test worker] o.s.t.c.support.AbstractContextLoader    : Could not detect default resource locations for test class [com.example.springExample.web.IndexControllerTest]: no resource found for suffixes {-context.xml, Context.groovy}.
2021-03-03 22:43:45.715  INFO 18946 --- [    Test worker] t.c.s.AnnotationConfigContextLoaderUtils : Could not detect default configuration classes for test class [com.example.springExample.web.IndexControllerTest]: IndexControllerTest does not declare any static, non-private, non-final, nested classes annotated with @Configuration.
2021-03-03 22:43:45.716  INFO 18946 --- [    Test worker] .b.t.c.SpringBootTestContextBootstrapper : Found @SpringBootConfiguration com.example.springExample.Application for test class com.example.springExample.web.IndexControllerTest
2021-03-03 22:43:45.717  INFO 18946 --- [    Test worker] .b.t.c.SpringBootTestContextBootstrapper : Loaded default TestExecutionListener class names from location [META-INF/spring.factories]: [org.springframework.security.test.context.support.WithSecurityContextTestExecutionListener, org.springframework.security.test.context.support.ReactorContextTestExecutionListener, org.springframework.boot.test.autoconfigure.restdocs.RestDocsTestExecutionListener, org.springframework.boot.test.autoconfigure.web.client.MockRestServiceServerResetTestExecutionListener, org.springframework.boot.test.autoconfigure.web.servlet.MockMvcPrintOnlyOnFailureTestExecutionListener, org.springframework.boot.test.autoconfigure.web.servlet.WebDriverTestExecutionListener, org.springframework.boot.test.mock.mockito.MockitoTestExecutionListener, org.springframework.boot.test.mock.mockito.ResetMocksTestExecutionListener, org.springframework.test.context.web.ServletTestExecutionListener, org.springframework.test.context.support.DirtiesContextBeforeModesTestExecutionListener, org.springframework.test.context.support.DependencyInjectionTestExecutionListener, org.springframework.test.context.support.DirtiesContextTestExecutionListener, org.springframework.test.context.transaction.TransactionalTestExecutionListener, org.springframework.test.context.jdbc.SqlScriptsTestExecutionListener]
2021-03-03 22:43:45.718  INFO 18946 --- [    Test worker] .b.t.c.SpringBootTestContextBootstrapper : Using TestExecutionListeners: [org.springframework.test.context.web.ServletTestExecutionListener@49561095, org.springframework.test.context.support.DirtiesContextBeforeModesTestExecutionListener@554945c0, org.springframework.boot.test.mock.mockito.MockitoTestExecutionListener@7f5d1655, org.springframework.boot.test.autoconfigure.SpringBootDependencyInjectionTestExecutionListener@1ecb6638, org.springframework.test.context.support.DirtiesContextTestExecutionListener@67e01fcc, org.springframework.test.context.transaction.TransactionalTestExecutionListener@789831b5, org.springframework.test.context.jdbc.SqlScriptsTestExecutionListener@6fe06f4d, org.springframework.security.test.context.support.WithSecurityContextTestExecutionListener@2adf2e2f, org.springframework.security.test.context.support.ReactorContextTestExecutionListener@4da64ac7, org.springframework.boot.test.autoconfigure.restdocs.RestDocsTestExecutionListener@740acf5f, org.springframework.boot.test.autoconfigure.web.client.MockRestServiceServerResetTestExecutionListener@187c4c94, org.springframework.boot.test.autoconfigure.web.servlet.MockMvcPrintOnlyOnFailureTestExecutionListener@4b01b7e2, org.springframework.boot.test.autoconfigure.web.servlet.WebDriverTestExecutionListener@348e2c37, org.springframework.boot.test.mock.mockito.ResetMocksTestExecutionListener@165c7dce]
2021-03-03 22:43:45.782  INFO 18946 --- [o-auto-1-exec-1] o.a.c.c.C.[Tomcat].[localhost].[/]       : Initializing Spring DispatcherServlet 'dispatcherServlet'
2021-03-03 22:43:45.783  INFO 18946 --- [o-auto-1-exec-1] o.s.web.servlet.DispatcherServlet        : Initializing Servlet 'dispatcherServlet'
2021-03-03 22:43:45.785  INFO 18946 --- [o-auto-1-exec-1] o.s.web.servlet.DispatcherServlet        : Completed initialization in 2 ms
Hibernate: select posts0_.id as id1_0_, posts0_.created_data as created_2_0_, posts0_.modified_data as modified3_0_, posts0_.author as author4_0_, posts0_.content as content5_0_, posts0_.title as title6_0_ from posts posts0_ order by posts0_.id DESC
]]></system-out>
  <system-err><![CDATA[]]></system-err>
</testsuite>
