<?xml version="1.0" encoding="UTF-8"?>
<testsuite name="com.example.springExample.web.domain.posts.PostsRepositoryTest" tests="2" skipped="0" failures="0" errors="0" timestamp="2021-03-03T13:43:46" hostname="hjoon-Legion-Y540-15IRH" time="0.024">
  <properties/>
  <testcase name="게시글저장_불러오기" classname="com.example.springExample.web.domain.posts.PostsRepositoryTest" time="0.013"/>
  <testcase name="BaseTimeEntity_등록" classname="com.example.springExample.web.domain.posts.PostsRepositoryTest" time="0.01"/>
  <system-out><![CDATA[2021-03-03 22:43:45.837  INFO 18946 --- [    Test worker] .b.t.c.SpringBootTestContextBootstrapper : Neither @ContextConfiguration nor @ContextHierarchy found for test class [com.example.springExample.web.domain.posts.PostsRepositoryTest], using SpringBootContextLoader
2021-03-03 22:43:45.838  INFO 18946 --- [    Test worker] o.s.t.c.support.AbstractContextLoader    : Could not detect default resource locations for test class [com.example.springExample.web.domain.posts.PostsRepositoryTest]: no resource found for suffixes {-context.xml, Context.groovy}.
2021-03-03 22:43:45.838  INFO 18946 --- [    Test worker] t.c.s.AnnotationConfigContextLoaderUtils : Could not detect default configuration classes for test class [com.example.springExample.web.domain.posts.PostsRepositoryTest]: PostsRepositoryTest does not declare any static, non-private, non-final, nested classes annotated with @Configuration.
2021-03-03 22:43:45.844  INFO 18946 --- [    Test worker] .b.t.c.SpringBootTestContextBootstrapper : Found @SpringBootConfiguration com.example.springExample.Application for test class com.example.springExample.web.domain.posts.PostsRepositoryTest
2021-03-03 22:43:45.845  INFO 18946 --- [    Test worker] .b.t.c.SpringBootTestContextBootstrapper : Loaded default TestExecutionListener class names from location [META-INF/spring.factories]: [org.springframework.security.test.context.support.WithSecurityContextTestExecutionListener, org.springframework.security.test.context.support.ReactorContextTestExecutionListener, org.springframework.boot.test.autoconfigure.restdocs.RestDocsTestExecutionListener, org.springframework.boot.test.autoconfigure.web.client.MockRestServiceServerResetTestExecutionListener, org.springframework.boot.test.autoconfigure.web.servlet.MockMvcPrintOnlyOnFailureTestExecutionListener, org.springframework.boot.test.autoconfigure.web.servlet.WebDriverTestExecutionListener, org.springframework.boot.test.mock.mockito.MockitoTestExecutionListener, org.springframework.boot.test.mock.mockito.ResetMocksTestExecutionListener, org.springframework.test.context.web.ServletTestExecutionListener, org.springframework.test.context.support.DirtiesContextBeforeModesTestExecutionListener, org.springframework.test.context.support.DependencyInjectionTestExecutionListener, org.springframework.test.context.support.DirtiesContextTestExecutionListener, org.springframework.test.context.transaction.TransactionalTestExecutionListener, org.springframework.test.context.jdbc.SqlScriptsTestExecutionListener]
2021-03-03 22:43:45.846  INFO 18946 --- [    Test worker] .b.t.c.SpringBootTestContextBootstrapper : Using TestExecutionListeners: [org.springframework.test.context.web.ServletTestExecutionListener@f7504f6, org.springframework.test.context.support.DirtiesContextBeforeModesTestExecutionListener@40d9b137, org.springframework.boot.test.mock.mockito.MockitoTestExecutionListener@65612b61, org.springframework.boot.test.autoconfigure.SpringBootDependencyInjectionTestExecutionListener@c9b80ce, org.springframework.test.context.support.DirtiesContextTestExecutionListener@2bee671f, org.springframework.test.context.transaction.TransactionalTestExecutionListener@26b33b5c, org.springframework.test.context.jdbc.SqlScriptsTestExecutionListener@4a6526c8, org.springframework.security.test.context.support.WithSecurityContextTestExecutionListener@1a2852ba, org.springframework.security.test.context.support.ReactorContextTestExecutionListener@42a6187f, org.springframework.boot.test.autoconfigure.restdocs.RestDocsTestExecutionListener@7d70a2ac, org.springframework.boot.test.autoconfigure.web.client.MockRestServiceServerResetTestExecutionListener@1ec088ac, org.springframework.boot.test.autoconfigure.web.servlet.MockMvcPrintOnlyOnFailureTestExecutionListener@4625b44c, org.springframework.boot.test.autoconfigure.web.servlet.WebDriverTestExecutionListener@34323917, org.springframework.boot.test.mock.mockito.ResetMocksTestExecutionListener@4c2f98ff]

  .   ____          _            __ _ _
 /\\ / ___'_ __ _ _(_)_ __  __ _ \ \ \ \
( ( )\___ | '_ | '_| | '_ \/ _` | \ \ \ \
 \\/  ___)| |_)| | | | | || (_| |  ) ) ) )
  '  |____| .__|_| |_|_| |_\__, | / / / /
 =========|_|==============|___/=/_/_/_/
 :: Spring Boot ::        (v2.1.7.RELEASE)

2021-03-03 22:43:45.859  INFO 18946 --- [    Test worker] c.e.s.w.d.posts.PostsRepositoryTest      : Starting PostsRepositoryTest on hjoon-Legion-Y540-15IRH with PID 18946 (started by hjoon in /home/hjoon/IdeaProjects/springExample)
2021-03-03 22:43:45.860  INFO 18946 --- [    Test worker] c.e.s.w.d.posts.PostsRepositoryTest      : No active profile set, falling back to default profiles: default
2021-03-03 22:43:45.975  INFO 18946 --- [    Test worker] .s.d.r.c.RepositoryConfigurationDelegate : Bootstrapping Spring Data repositories in DEFAULT mode.
2021-03-03 22:43:45.984  INFO 18946 --- [    Test worker] .s.d.r.c.RepositoryConfigurationDelegate : Finished Spring Data repository scanning in 8ms. Found 2 repository interfaces.
2021-03-03 22:43:46.047  INFO 18946 --- [    Test worker] trationDelegate$BeanPostProcessorChecker : Bean 'org.springframework.transaction.annotation.ProxyTransactionManagementConfiguration' of type [org.springframework.transaction.annotation.ProxyTransactionManagementConfiguration$$EnhancerBySpringCGLIB$$cce8518b] is not eligible for getting processed by all BeanPostProcessors (for example: not eligible for auto-proxying)
2021-03-03 22:43:46.101  INFO 18946 --- [    Test worker] com.zaxxer.hikari.HikariDataSource       : HikariPool-2 - Starting...
2021-03-03 22:43:46.102  INFO 18946 --- [    Test worker] com.zaxxer.hikari.HikariDataSource       : HikariPool-2 - Start completed.
2021-03-03 22:43:46.115  INFO 18946 --- [    Test worker] o.hibernate.jpa.internal.util.LogHelper  : HHH000204: Processing PersistenceUnitInfo [
	name: default
	...]
2021-03-03 22:43:46.119  INFO 18946 --- [    Test worker] org.hibernate.dialect.Dialect            : HHH000400: Using dialect: org.hibernate.dialect.MySQL5InnoDBDialect
Hibernate: drop table if exists posts
Hibernate: drop table if exists user
Hibernate: create table posts (id bigint not null auto_increment, created_data datetime, modified_data datetime, author varchar(255), content TEXT not null, title varchar(50) not null, primary key (id)) engine=InnoDB
Hibernate: create table user (id bigint not null auto_increment, created_data datetime, modified_data datetime, email varchar(255) not null, name varchar(255) not null, picture varchar(255), role varchar(255) not null, primary key (id)) engine=InnoDB
2021-03-03 22:43:46.149  INFO 18946 --- [    Test worker] o.h.t.schema.internal.SchemaCreatorImpl  : HHH000476: Executing import script 'org.hibernate.tool.schema.internal.exec.ScriptSourceInputNonExistentImpl@46b255d'
2021-03-03 22:43:46.149  INFO 18946 --- [    Test worker] j.LocalContainerEntityManagerFactoryBean : Initialized JPA EntityManagerFactory for persistence unit 'default'
2021-03-03 22:43:46.270  INFO 18946 --- [    Test worker] o.h.h.i.QueryTranslatorFactoryInitiator  : HHH000397: Using ASTQueryTranslatorFactory
2021-03-03 22:43:46.344  INFO 18946 --- [    Test worker] o.s.s.web.DefaultSecurityFilterChain     : Creating filter chain: any request, [org.springframework.security.web.context.request.async.WebAsyncManagerIntegrationFilter@8288d32, org.springframework.security.web.context.SecurityContextPersistenceFilter@49bb4679, org.springframework.security.web.header.HeaderWriterFilter@4a80e0fb, org.springframework.security.web.authentication.logout.LogoutFilter@5b086f39, org.springframework.security.oauth2.client.web.OAuth2AuthorizationRequestRedirectFilter@19d1e340, org.springframework.security.oauth2.client.web.OAuth2LoginAuthenticationFilter@3e53f89, org.springframework.security.web.authentication.ui.DefaultLoginPageGeneratingFilter@489370dc, org.springframework.security.web.authentication.ui.DefaultLogoutPageGeneratingFilter@2ff292fa, org.springframework.security.web.savedrequest.RequestCacheAwareFilter@6d859204, org.springframework.security.web.servletapi.SecurityContextHolderAwareRequestFilter@20cf2077, org.springframework.security.web.authentication.AnonymousAuthenticationFilter@39afbfa7, org.springframework.security.web.session.SessionManagementFilter@7b3260c2, org.springframework.security.web.access.ExceptionTranslationFilter@3162bf1d, org.springframework.security.web.access.intercept.FilterSecurityInterceptor@364932e]
2021-03-03 22:43:46.478  INFO 18946 --- [    Test worker] o.s.s.concurrent.ThreadPoolTaskExecutor  : Initializing ExecutorService 'applicationTaskExecutor'
2021-03-03 22:43:46.485  WARN 18946 --- [    Test worker] aWebConfiguration$JpaWebMvcConfiguration : spring.jpa.open-in-view is enabled by default. Therefore, database queries may be performed during view rendering. Explicitly configure spring.jpa.open-in-view to disable this warning
2021-03-03 22:43:46.501  INFO 18946 --- [    Test worker] o.s.b.a.w.s.WelcomePageHandlerMapping    : Adding welcome page template: index
2021-03-03 22:43:46.675  INFO 18946 --- [    Test worker] s.a.ScheduledAnnotationBeanPostProcessor : No TaskScheduler/ScheduledExecutorService bean found for scheduled processing
2021-03-03 22:43:46.677  INFO 18946 --- [    Test worker] c.e.s.w.d.posts.PostsRepositoryTest      : Started PostsRepositoryTest in 0.829 seconds (JVM running for 6.372)
Hibernate: insert into posts (created_data, modified_data, author, content, title) values (?, ?, ?, ?, ?)
Hibernate: select posts0_.id as id1_0_, posts0_.created_data as created_2_0_, posts0_.modified_data as modified3_0_, posts0_.author as author4_0_, posts0_.content as content5_0_, posts0_.title as title6_0_ from posts posts0_
Hibernate: select posts0_.id as id1_0_, posts0_.created_data as created_2_0_, posts0_.modified_data as modified3_0_, posts0_.author as author4_0_, posts0_.content as content5_0_, posts0_.title as title6_0_ from posts posts0_
Hibernate: delete from posts where id=?
Hibernate: insert into posts (created_data, modified_data, author, content, title) values (?, ?, ?, ?, ?)
Hibernate: select posts0_.id as id1_0_, posts0_.created_data as created_2_0_, posts0_.modified_data as modified3_0_, posts0_.author as author4_0_, posts0_.content as content5_0_, posts0_.title as title6_0_ from posts posts0_
>>>>>> createdDate=2021-03-03T22:43:46.694612, modifiedDate=2021-03-03T22:43:46.694612
Hibernate: select posts0_.id as id1_0_, posts0_.created_data as created_2_0_, posts0_.modified_data as modified3_0_, posts0_.author as author4_0_, posts0_.content as content5_0_, posts0_.title as title6_0_ from posts posts0_
Hibernate: delete from posts where id=?
]]></system-out>
  <system-err><![CDATA[]]></system-err>
</testsuite>
