<?xml version="1.0" encoding="UTF-8"?>
<testsuite name="com.example.springExample.web.dto.HelloResponseDtoTest" tests="1" skipped="0" failures="0" errors="0" timestamp="2021-03-03T13:43:45" hostname="hjoon-Legion-Y540-15IRH" time="0.002">
  <properties/>
  <testcase name="롬복_기능_테스트" classname="com.example.springExample.web.dto.HelloResponseDtoTest" time="0.002"/>
  <system-out><![CDATA[]]></system-out>
  <system-err><![CDATA[]]></system-err>
</testsuite>
