<?xml version="1.0" encoding="UTF-8"?>
<testsuite name="com.example.springExample.web.HelloControllerTest" tests="2" skipped="0" failures="0" errors="0" timestamp="2021-03-03T13:43:42" hostname="hjoon-Legion-Y540-15IRH" time="0.279">
  <properties/>
  <testcase name="hello가_리턴된다" classname="com.example.springExample.web.HelloControllerTest" time="0.231"/>
  <testcase name="helloDto가_리턴된다" classname="com.example.springExample.web.HelloControllerTest" time="0.047"/>
  <system-out><![CDATA[22:43:40.661 [Test worker] DEBUG org.springframework.test.context.junit4.SpringJUnit4ClassRunner - SpringJUnit4ClassRunner constructor called with [class com.example.springExample.web.HelloControllerTest]
22:43:40.666 [Test worker] DEBUG org.springframework.test.context.BootstrapUtils - Instantiating CacheAwareContextLoaderDelegate from class [org.springframework.test.context.cache.DefaultCacheAwareContextLoaderDelegate]
22:43:40.671 [Test worker] DEBUG org.springframework.test.context.BootstrapUtils - Instantiating BootstrapContext using constructor [public org.springframework.test.context.support.DefaultBootstrapContext(java.lang.Class,org.springframework.test.context.CacheAwareContextLoaderDelegate)]
22:43:40.684 [Test worker] DEBUG org.springframework.test.context.BootstrapUtils - Instantiating TestContextBootstrapper for test class [com.example.springExample.web.HelloControllerTest] from class [org.springframework.boot.test.autoconfigure.web.servlet.WebMvcTestContextBootstrapper]
22:43:40.700 [Test worker] INFO org.springframework.boot.test.autoconfigure.web.servlet.WebMvcTestContextBootstrapper - Neither @ContextConfiguration nor @ContextHierarchy found for test class [com.example.springExample.web.HelloControllerTest], using SpringBootContextLoader
22:43:40.702 [Test worker] DEBUG org.springframework.test.context.support.AbstractContextLoader - Did not detect default resource location for test class [com.example.springExample.web.HelloControllerTest]: class path resource [com/example/springExample/web/HelloControllerTest-context.xml] does not exist
22:43:40.703 [Test worker] DEBUG org.springframework.test.context.support.AbstractContextLoader - Did not detect default resource location for test class [com.example.springExample.web.HelloControllerTest]: class path resource [com/example/springExample/web/HelloControllerTestContext.groovy] does not exist
22:43:40.703 [Test worker] INFO org.springframework.test.context.support.AbstractContextLoader - Could not detect default resource locations for test class [com.example.springExample.web.HelloControllerTest]: no resource found for suffixes {-context.xml, Context.groovy}.
22:43:40.703 [Test worker] INFO org.springframework.test.context.support.AnnotationConfigContextLoaderUtils - Could not detect default configuration classes for test class [com.example.springExample.web.HelloControllerTest]: HelloControllerTest does not declare any static, non-private, non-final, nested classes annotated with @Configuration.
22:43:40.745 [Test worker] DEBUG org.springframework.test.context.support.ActiveProfilesUtils - Could not find an 'annotation declaring class' for annotation type [org.springframework.test.context.ActiveProfiles] and class [com.example.springExample.web.HelloControllerTest]
22:43:40.783 [Test worker] DEBUG org.springframework.context.annotation.ClassPathScanningCandidateComponentProvider - Identified candidate component class: file [/home/hjoon/IdeaProjects/springExample/build/classes/java/main/com/example/springExample/Application.class]
22:43:40.783 [Test worker] INFO org.springframework.boot.test.context.SpringBootTestContextBootstrapper - Found @SpringBootConfiguration com.example.springExample.Application for test class com.example.springExample.web.HelloControllerTest
22:43:40.784 [Test worker] DEBUG org.springframework.boot.test.autoconfigure.web.servlet.WebMvcTestContextBootstrapper - @TestExecutionListeners is not present for class [com.example.springExample.web.HelloControllerTest]: using defaults.
22:43:40.785 [Test worker] INFO org.springframework.boot.test.autoconfigure.web.servlet.WebMvcTestContextBootstrapper - Loaded default TestExecutionListener class names from location [META-INF/spring.factories]: [org.springframework.security.test.context.support.WithSecurityContextTestExecutionListener, org.springframework.security.test.context.support.ReactorContextTestExecutionListener, org.springframework.boot.test.autoconfigure.restdocs.RestDocsTestExecutionListener, org.springframework.boot.test.autoconfigure.web.client.MockRestServiceServerResetTestExecutionListener, org.springframework.boot.test.autoconfigure.web.servlet.MockMvcPrintOnlyOnFailureTestExecutionListener, org.springframework.boot.test.autoconfigure.web.servlet.WebDriverTestExecutionListener, org.springframework.boot.test.mock.mockito.MockitoTestExecutionListener, org.springframework.boot.test.mock.mockito.ResetMocksTestExecutionListener, org.springframework.test.context.web.ServletTestExecutionListener, org.springframework.test.context.support.DirtiesContextBeforeModesTestExecutionListener, org.springframework.test.context.support.DependencyInjectionTestExecutionListener, org.springframework.test.context.support.DirtiesContextTestExecutionListener, org.springframework.test.context.transaction.TransactionalTestExecutionListener, org.springframework.test.context.jdbc.SqlScriptsTestExecutionListener]
22:43:40.794 [Test worker] INFO org.springframework.boot.test.autoconfigure.web.servlet.WebMvcTestContextBootstrapper - Using TestExecutionListeners: [org.springframework.test.context.web.ServletTestExecutionListener@3992144c, org.springframework.test.context.support.DirtiesContextBeforeModesTestExecutionListener@2f6a7e02, org.springframework.boot.test.mock.mockito.MockitoTestExecutionListener@78637a27, org.springframework.boot.test.autoconfigure.SpringBootDependencyInjectionTestExecutionListener@6068ea64, org.springframework.test.context.support.DirtiesContextTestExecutionListener@4971a251, org.springframework.test.context.transaction.TransactionalTestExecutionListener@35175f13, org.springframework.test.context.jdbc.SqlScriptsTestExecutionListener@5646b9d4, org.springframework.security.test.context.support.WithSecurityContextTestExecutionListener@715a42b2, org.springframework.security.test.context.support.ReactorContextTestExecutionListener@35fd05e2, org.springframework.boot.test.autoconfigure.restdocs.RestDocsTestExecutionListener@3a1d3b89, org.springframework.boot.test.autoconfigure.web.client.MockRestServiceServerResetTestExecutionListener@59f6bd07, org.springframework.boot.test.autoconfigure.web.servlet.MockMvcPrintOnlyOnFailureTestExecutionListener@7a1a3b59, org.springframework.boot.test.autoconfigure.web.servlet.WebDriverTestExecutionListener@2795f3ed, org.springframework.boot.test.mock.mockito.ResetMocksTestExecutionListener@740745e5]
22:43:40.796 [Test worker] DEBUG org.springframework.test.annotation.ProfileValueUtils - Retrieved @ProfileValueSourceConfiguration [null] for test class [com.example.springExample.web.HelloControllerTest]
22:43:40.796 [Test worker] DEBUG org.springframework.test.annotation.ProfileValueUtils - Retrieved ProfileValueSource type [class org.springframework.test.annotation.SystemProfileValueSource] for class [com.example.springExample.web.HelloControllerTest]
22:43:40.796 [Test worker] DEBUG org.springframework.test.annotation.ProfileValueUtils - Retrieved @ProfileValueSourceConfiguration [null] for test class [com.example.springExample.web.HelloControllerTest]
22:43:40.796 [Test worker] DEBUG org.springframework.test.annotation.ProfileValueUtils - Retrieved ProfileValueSource type [class org.springframework.test.annotation.SystemProfileValueSource] for class [com.example.springExample.web.HelloControllerTest]
22:43:40.799 [Test worker] DEBUG org.springframework.test.context.support.AbstractDirtiesContextTestExecutionListener - Before test class: context [DefaultTestContext@56b92aac testClass = HelloControllerTest, testInstance = [null], testMethod = [null], testException = [null], mergedContextConfiguration = [WebMergedContextConfiguration@4b962edf testClass = HelloControllerTest, locations = '{}', classes = '{class com.example.springExample.Application}', contextInitializerClasses = '[]', activeProfiles = '{}', propertySourceLocations = '{}', propertySourceProperties = '{org.springframework.boot.test.autoconfigure.web.servlet.WebMvcTestContextBootstrapper=true}', contextCustomizers = set[org.springframework.boot.test.autoconfigure.OverrideAutoConfigurationContextCustomizerFactory$DisableAutoConfigurationContextCustomizer@239b0e32, org.springframework.boot.test.autoconfigure.filter.TypeExcludeFiltersContextCustomizer@cf83abdd, org.springframework.boot.test.autoconfigure.properties.PropertyMappingContextCustomizer@d2e48540, org.springframework.boot.test.autoconfigure.web.servlet.WebDriverContextCustomizerFactory$Customizer@3483a606, [ImportsContextCustomizer@50c9c2ef key = [org.springframework.boot.autoconfigure.cache.CacheAutoConfiguration, org.springframework.boot.autoconfigure.context.MessageSourceAutoConfiguration, org.springframework.boot.autoconfigure.data.web.SpringDataWebAutoConfiguration, org.springframework.boot.autoconfigure.freemarker.FreeMarkerAutoConfiguration, org.springframework.boot.autoconfigure.groovy.template.GroovyTemplateAutoConfiguration, org.springframework.boot.autoconfigure.gson.GsonAutoConfiguration, org.springframework.boot.autoconfigure.hateoas.HypermediaAutoConfiguration, org.springframework.boot.autoconfigure.http.HttpMessageConvertersAutoConfiguration, org.springframework.boot.autoconfigure.jackson.JacksonAutoConfiguration, org.springframework.boot.autoconfigure.jsonb.JsonbAutoConfiguration, org.springframework.boot.autoconfigure.mustache.MustacheAutoConfiguration, org.springframework.boot.autoconfigure.task.TaskExecutionAutoConfiguration, org.springframework.boot.autoconfigure.thymeleaf.ThymeleafAutoConfiguration, org.springframework.boot.autoconfigure.validation.ValidationAutoConfiguration, org.springframework.boot.autoconfigure.web.servlet.error.ErrorMvcAutoConfiguration, org.springframework.boot.autoconfigure.web.servlet.WebMvcAutoConfiguration, org.springframework.boot.test.autoconfigure.web.servlet.MockMvcAutoConfiguration, org.springframework.boot.test.autoconfigure.web.servlet.MockMvcSecurityAutoConfiguration, org.springframework.boot.test.autoconfigure.web.servlet.MockMvcWebClientAutoConfiguration, org.springframework.boot.test.autoconfigure.web.servlet.MockMvcWebDriverAutoConfiguration]], org.springframework.boot.test.context.filter.ExcludeFilterContextCustomizer@6e73373a, org.springframework.boot.test.json.DuplicateJsonObjectContextCustomizerFactory$DuplicateJsonObjectContextCustomizer@1a5e9224, org.springframework.boot.test.mock.mockito.MockitoContextCustomizer@0], resourceBasePath = 'src/main/webapp', contextLoader = 'org.springframework.boot.test.context.SpringBootContextLoader', parent = [null]], attributes = map[[empty]]], class annotated with @DirtiesContext [false] with mode [null].
22:43:40.800 [Test worker] DEBUG org.springframework.test.annotation.ProfileValueUtils - Retrieved @ProfileValueSourceConfiguration [null] for test class [com.example.springExample.web.HelloControllerTest]
22:43:40.800 [Test worker] DEBUG org.springframework.test.annotation.ProfileValueUtils - Retrieved ProfileValueSource type [class org.springframework.test.annotation.SystemProfileValueSource] for class [com.example.springExample.web.HelloControllerTest]
22:43:40.802 [Test worker] DEBUG org.springframework.test.context.support.DependencyInjectionTestExecutionListener - Performing dependency injection for test context [[DefaultTestContext@56b92aac testClass = HelloControllerTest, testInstance = com.example.springExample.web.HelloControllerTest@6297cd57, testMethod = [null], testException = [null], mergedContextConfiguration = [WebMergedContextConfiguration@4b962edf testClass = HelloControllerTest, locations = '{}', classes = '{class com.example.springExample.Application}', contextInitializerClasses = '[]', activeProfiles = '{}', propertySourceLocations = '{}', propertySourceProperties = '{org.springframework.boot.test.autoconfigure.web.servlet.WebMvcTestContextBootstrapper=true}', contextCustomizers = set[org.springframework.boot.test.autoconfigure.OverrideAutoConfigurationContextCustomizerFactory$DisableAutoConfigurationContextCustomizer@239b0e32, org.springframework.boot.test.autoconfigure.filter.TypeExcludeFiltersContextCustomizer@cf83abdd, org.springframework.boot.test.autoconfigure.properties.PropertyMappingContextCustomizer@d2e48540, org.springframework.boot.test.autoconfigure.web.servlet.WebDriverContextCustomizerFactory$Customizer@3483a606, [ImportsContextCustomizer@50c9c2ef key = [org.springframework.boot.autoconfigure.cache.CacheAutoConfiguration, org.springframework.boot.autoconfigure.context.MessageSourceAutoConfiguration, org.springframework.boot.autoconfigure.data.web.SpringDataWebAutoConfiguration, org.springframework.boot.autoconfigure.freemarker.FreeMarkerAutoConfiguration, org.springframework.boot.autoconfigure.groovy.template.GroovyTemplateAutoConfiguration, org.springframework.boot.autoconfigure.gson.GsonAutoConfiguration, org.springframework.boot.autoconfigure.hateoas.HypermediaAutoConfiguration, org.springframework.boot.autoconfigure.http.HttpMessageConvertersAutoConfiguration, org.springframework.boot.autoconfigure.jackson.JacksonAutoConfiguration, org.springframework.boot.autoconfigure.jsonb.JsonbAutoConfiguration, org.springframework.boot.autoconfigure.mustache.MustacheAutoConfiguration, org.springframework.boot.autoconfigure.task.TaskExecutionAutoConfiguration, org.springframework.boot.autoconfigure.thymeleaf.ThymeleafAutoConfiguration, org.springframework.boot.autoconfigure.validation.ValidationAutoConfiguration, org.springframework.boot.autoconfigure.web.servlet.error.ErrorMvcAutoConfiguration, org.springframework.boot.autoconfigure.web.servlet.WebMvcAutoConfiguration, org.springframework.boot.test.autoconfigure.web.servlet.MockMvcAutoConfiguration, org.springframework.boot.test.autoconfigure.web.servlet.MockMvcSecurityAutoConfiguration, org.springframework.boot.test.autoconfigure.web.servlet.MockMvcWebClientAutoConfiguration, org.springframework.boot.test.autoconfigure.web.servlet.MockMvcWebDriverAutoConfiguration]], org.springframework.boot.test.context.filter.ExcludeFilterContextCustomizer@6e73373a, org.springframework.boot.test.json.DuplicateJsonObjectContextCustomizerFactory$DuplicateJsonObjectContextCustomizer@1a5e9224, org.springframework.boot.test.mock.mockito.MockitoContextCustomizer@0], resourceBasePath = 'src/main/webapp', contextLoader = 'org.springframework.boot.test.context.SpringBootContextLoader', parent = [null]], attributes = map[[empty]]]].
22:43:40.863 [Test worker] DEBUG org.springframework.test.context.support.TestPropertySourceUtils - Adding inlined properties to environment: {spring.jmx.enabled=false, org.springframework.boot.test.autoconfigure.web.servlet.WebMvcTestContextBootstrapper=true, server.port=-1}

  .   ____          _            __ _ _
 /\\ / ___'_ __ _ _(_)_ __  __ _ \ \ \ \
( ( )\___ | '_ | '_| | '_ \/ _` | \ \ \ \
 \\/  ___)| |_)| | | | | || (_| |  ) ) ) )
  '  |____| .__|_| |_|_| |_\__, | / / / /
 =========|_|==============|___/=/_/_/_/
 :: Spring Boot ::        (v2.1.7.RELEASE)

2021-03-03 22:43:41.078  INFO 18946 --- [    Test worker] c.e.s.web.HelloControllerTest            : Starting HelloControllerTest on hjoon-Legion-Y540-15IRH with PID 18946 (started by hjoon in /home/hjoon/IdeaProjects/springExample)
2021-03-03 22:43:41.080  INFO 18946 --- [    Test worker] c.e.s.web.HelloControllerTest            : No active profile set, falling back to default profiles: default
2021-03-03 22:43:41.982  INFO 18946 --- [    Test worker] o.s.s.concurrent.ThreadPoolTaskExecutor  : Initializing ExecutorService 'applicationTaskExecutor'
2021-03-03 22:43:42.049  INFO 18946 --- [    Test worker] o.s.b.a.w.s.WelcomePageHandlerMapping    : Adding welcome page template: index
2021-03-03 22:43:42.261  INFO 18946 --- [    Test worker] .s.s.UserDetailsServiceAutoConfiguration : 

Using generated security password: 633d88c5-cc6d-49a1-bdfe-17732c15dc4d

2021-03-03 22:43:42.407  INFO 18946 --- [    Test worker] o.s.s.web.DefaultSecurityFilterChain     : Creating filter chain: any request, [org.springframework.security.web.context.request.async.WebAsyncManagerIntegrationFilter@1901c350, org.springframework.security.web.context.SecurityContextPersistenceFilter@4ba788ea, org.springframework.security.web.header.HeaderWriterFilter@9c9ffcb, org.springframework.security.web.csrf.CsrfFilter@3d566099, org.springframework.security.web.authentication.logout.LogoutFilter@515eb4f4, org.springframework.security.web.authentication.UsernamePasswordAuthenticationFilter@5d424568, org.springframework.security.web.authentication.ui.DefaultLoginPageGeneratingFilter@6f301841, org.springframework.security.web.authentication.ui.DefaultLogoutPageGeneratingFilter@76ba784c, org.springframework.security.web.authentication.www.BasicAuthenticationFilter@60fe65df, org.springframework.security.web.savedrequest.RequestCacheAwareFilter@6575c3ae, org.springframework.security.web.servletapi.SecurityContextHolderAwareRequestFilter@5c3e04d7, org.springframework.security.web.authentication.AnonymousAuthenticationFilter@10dde901, org.springframework.security.web.session.SessionManagementFilter@4f3660f6, org.springframework.security.web.access.ExceptionTranslationFilter@60c3b104, org.springframework.security.web.access.intercept.FilterSecurityInterceptor@13d1bcef]
2021-03-03 22:43:42.432  INFO 18946 --- [    Test worker] o.s.b.t.m.w.SpringBootMockServletContext : Initializing Spring TestDispatcherServlet ''
2021-03-03 22:43:42.433  INFO 18946 --- [    Test worker] o.s.t.web.servlet.TestDispatcherServlet  : Initializing Servlet ''
2021-03-03 22:43:42.441  INFO 18946 --- [    Test worker] o.s.t.web.servlet.TestDispatcherServlet  : Completed initialization in 8 ms
2021-03-03 22:43:42.474  INFO 18946 --- [    Test worker] c.e.s.web.HelloControllerTest            : Started HelloControllerTest in 1.605 seconds (JVM running for 2.169)
]]></system-out>
  <system-err><![CDATA[]]></system-err>
</testsuite>
